# JRE version: Java(TM) SE Runtime Environment (8.0_181-b13) (build 1.8.0_181-b13)
# Java VM: Java HotSpot(TM) 64-Bit Server VM (25.181-b13 mixed mode linux-amd64 compressed oops)
Heap:
 garbage-first heap   total 413696K, used 125789K [0x00000000c0000000, 0x00000000c0100ca0, 0x0000000100000000)
  region size 1024K, 14 young (14336K), 14 survivors (14336K)
 Metaspace       used 40893K, capacity 43088K, committed 43216K, reserved 1087488K
  class space    used 4392K, capacity 5071K, committed 5120K, reserved 1048576K
GC Heap History (10 events):
Event: 46.653 GC heap after
Heap after GC invocations=38 (full 0):
 garbage-first heap   total 126976K, used 99386K [0x00000000c0000000, 0x00000000c01003e0, 0x0000000100000000)
  region size 1024K, 2 young (2048K), 2 survivors (2048K)
 Metaspace       used 40123K, capacity 42314K, committed 42448K, reserved 1087488K
  class space    used 4334K, capacity 5006K, committed 5120K, reserved 1048576K
}
Event: 46.742 GC heap before
{Heap before GC invocations=38 (full 0):
 garbage-first heap   total 126976K, used 110650K [0x00000000c0000000, 0x00000000c01003e0, 0x0000000100000000)
  region size 1024K, 13 young (13312K), 2 survivors (2048K)
 Metaspace       used 40148K, capacity 42314K, committed 42448K, reserved 1087488K
  class space    used 4339K, capacity 5006K, committed 5120K, reserved 1048576K
Event: 46.750 GC heap after
Heap after GC invocations=39 (full 0):
 garbage-first heap   total 126976K, used 102075K [0x00000000c0000000, 0x00000000c01003e0, 0x0000000100000000)
  region size 1024K, 2 young (2048K), 2 survivors (2048K)
 Metaspace       used 40148K, capacity 42314K, committed 42448K, reserved 1087488K
  class space    used 4339K, capacity 5006K, committed 5120K, reserved 1048576K
}
Event: 46.906 GC heap before
{Heap before GC invocations=40 (full 0):
 garbage-first heap   total 126976K, used 110267K [0x00000000c0000000, 0x00000000c01003e0, 0x0000000100000000)
  region size 1024K, 10 young (10240K), 2 survivors (2048K)
 Metaspace       used 40200K, capacity 42416K, committed 42704K, reserved 1087488K
  class space    used 4346K, capacity 5039K, committed 5120K, reserved 1048576K
Event: 46.913 GC heap after
Heap after GC invocations=41 (full 0):
 garbage-first heap   total 126976K, used 103873K [0x00000000c0000000, 0x00000000c01003e0, 0x0000000100000000)
  region size 1024K, 2 young (2048K), 2 survivors (2048K)
 Metaspace       used 40200K, capacity 42416K, committed 42704K, reserved 1087488K
  class space    used 4346K, capacity 5039K, committed 5120K, reserved 1048576K
}
Event: 47.206 GC heap before
{Heap before GC invocations=41 (full 0):
 garbage-first heap   total 126976K, used 111425K [0x00000000c0000000, 0x00000000c01003e0, 0x0000000100000000)
  region size 1024K, 6 young (6144K), 2 survivors (2048K)
 Metaspace       used 40329K, capacity 42544K, committed 42704K, reserved 1087488K
  class space    used 4353K, capacity 5039K, committed 5120K, reserved 1048576K
Event: 47.222 GC heap after
Heap after GC invocations=42 (full 0):
 garbage-first heap   total 126976K, used 100391K [0x00000000c0000000, 0x00000000c01003e0, 0x0000000100000000)
  region size 1024K, 1 young (1024K), 1 survivors (1024K)
 Metaspace       used 40329K, capacity 42544K, committed 42704K, reserved 1087488K
  class space    used 4353K, capacity 5039K, committed 5120K, reserved 1048576K
}
Event: 47.285 GC heap before
{Heap before GC invocations=42 (full 0):
 garbage-first heap   total 126976K, used 105511K [0x00000000c0000000, 0x00000000c01003e0, 0x0000000100000000)
  region size 1024K, 6 young (6144K), 1 survivors (1024K)
 Metaspace       used 40375K, capacity 42608K, committed 42960K, reserved 1087488K
  class space    used 4356K, capacity 5039K, committed 5120K, reserved 1048576K
Event: 47.301 GC heap after
Heap after GC invocations=43 (full 0):
 garbage-first heap   total 253952K, used 101952K [0x00000000c0000000, 0x00000000c01007c0, 0x0000000100000000)
  region size 1024K, 1 young (1024K), 1 survivors (1024K)
 Metaspace       used 40375K, capacity 42608K, committed 42960K, reserved 1087488K
  class space    used 4356K, capacity 5039K, committed 5120K, reserved 1048576K
}
Event: 51.704 GC heap before
{Heap before GC invocations=43 (full 0):
 garbage-first heap   total 253952K, used 213568K [0x00000000c0000000, 0x00000000c01007c0, 0x0000000100000000)
  region size 1024K, 110 young (112640K), 1 survivors (1024K)
 Metaspace       used 40893K, capacity 43088K, committed 43216K, reserved 1087488K
  class space    used 4392K, capacity 5071K, committed 5120K, reserved 1048576K

